<?xml version="1.0" encoding="UTF-8"?>
<!-- Generated by org.testng.reporters.JUnitXMLReporter -->
<testsuite hostname="TC-MacbookAir" ignored="0" name="Application test" tests="3" failures="1" timestamp="2020-07-27T10:47:39 EDT" time="0.124" errors="0">
  <testcase name="testTwo" time="0.015" classname="testclasses.TestNGReportsAndLogs">
    <failure type="java.lang.AssertionError" message="expected [true] but found [false]">
      <![CDATA[java.lang.AssertionError: expected [true] but found [false]
at testclasses.TestNGReportsAndLogs.testTwo(TestNGReportsAndLogs.java:41)
at java.util.ArrayList.forEach(ArrayList.java:1257)
... Removed 31 stack frames]]>
    </failure>
  </testcase> <!-- testTwo -->
  <testcase name="testOne" time="0.002" classname="testclasses.TestNGReportsAndLogs"/>
  <testcase name="testThree" time="0.0" classname="testclasses.TestNGReportsAndLogs">
    <skipped/>
  </testcase> <!-- testThree -->
</testsuite> <!-- Application test -->
