<?xml version="1.0" encoding="UTF-8"?>
<!-- Generated by org.testng.reporters.JUnitXMLReporter -->
<testsuite hostname="TC-MacbookAir" ignored="0" name="Application test 1" tests="2" failures="1" timestamp="2020-07-24T14:25:57 EDT" time="0.126" errors="0">
  <testcase name="test1" time="0.012" classname="listeners.TestNGListenerTest"/>
  <testcase name="test2" time="0.007" classname="listeners.TestNGListenerTest">
    <failure type="java.lang.AssertionError" message="expected [true] but found [false]">
      <![CDATA[java.lang.AssertionError: expected [true] but found [false]
at listeners.TestNGListenerTest.test2(TestNGListenerTest.java:26)
at java.util.ArrayList.forEach(ArrayList.java:1257)
... Removed 31 stack frames]]>
    </failure>
  </testcase> <!-- test2 -->
</testsuite> <!-- Application test 1 -->
