<?xml version="1.0" encoding="UTF-8"?>
<!-- Generated by org.testng.reporters.JUnitXMLReporter -->
<testsuite hostname="TC-MacbookAir" ignored="0" name="Application test 2" tests="2" failures="1" timestamp="2020-07-24T17:55:50 EDT" time="0.027" errors="0">
  <testcase name="test1" time="0.003" classname="listeners.TestNGListenerTest2"/>
  <testcase name="test2" time="0.001" classname="listeners.TestNGListenerTest2">
    <failure type="java.lang.AssertionError" message="expected [true] but found [false]">
      <![CDATA[java.lang.AssertionError: expected [true] but found [false]
at listeners.TestNGListenerTest2.test2(TestNGListenerTest2.java:26)
at java.util.ArrayList.forEach(ArrayList.java:1257)
... Removed 31 stack frames]]>
    </failure>
  </testcase> <!-- test2 -->
</testsuite> <!-- Application test 2 -->
