<?xml version="1.0" encoding="UTF-8"?>
<!-- Generated by org.testng.reporters.JUnitXMLReporter -->
<testsuite hostname="TC-MacbookAir" ignored="0" name="Test 1" tests="4" failures="0" timestamp="2020-07-13T16:00:51 EDT" time="0.141" errors="0">
  <testcase name="testMethod1" time="0.016" classname="testclasses.TestNGPreserve2"/>
  <testcase name="testMethod2" time="0.011" classname="testclasses.TestNGPreserve2"/>
  <testcase name="testMethod1" time="0.007" classname="testclasses.TestNGPreserve1"/>
  <testcase name="testMethod2" time="0.003" classname="testclasses.TestNGPreserve1"/>
</testsuite> <!-- Test 1 -->
