<?xml version="1.0" encoding="UTF-8"?>
<!-- Generated by org.testng.reporters.JUnitXMLReporter -->
<testsuite hostname="TC-MacbookAir" ignored="0" name="Test 2" tests="4" failures="0" timestamp="2020-07-13T16:00:51 EDT" time="0.05" errors="0">
  <testcase name="testMethod1" time="0.002" classname="testclasses.TestNGPreserve1"/>
  <testcase name="testMethod2" time="0.002" classname="testclasses.TestNGPreserve1"/>
  <testcase name="testMethod1" time="0.004" classname="testclasses.TestNGPreserve2"/>
  <testcase name="testMethod2" time="0.004" classname="testclasses.TestNGPreserve2"/>
</testsuite> <!-- Test 2 -->
