<?xml version="1.0" encoding="UTF-8"?>
<testng-results ignored="0" total="1" passed="1" failed="0" skipped="0">
  <reporter-output>
  </reporter-output>
  <suite started-at="2020-09-23T15:10:49 EDT" name="Surefire suite" finished-at="2020-09-23T15:12:24 EDT" duration-ms="94887">
    <groups>
    </groups>
    <test started-at="2020-09-23T15:10:49 EDT" name="Surefire test" finished-at="2020-09-23T15:12:24 EDT" duration-ms="94887">
      <class name="pageClasses.NoFrameworkTest">
        <test-method signature="test()" started-at="2020-09-23T15:10:50 EDT" name="test" finished-at="2020-09-23T15:12:24 EDT" duration-ms="94655" status="PASS">
          <reporter-output>
          </reporter-output>
        </test-method> <!-- test -->
      </class> <!-- pageClasses.NoFrameworkTest -->
    </test> <!-- Surefire test -->
  </suite> <!-- Surefire suite -->
</testng-results>
