<?xml version="1.0" encoding="UTF-8"?>
<testng-results skipped="0" failed="0" ignored="0" total="1" passed="1">
  <reporter-output>
  </reporter-output>
  <suite name="Default suite" duration-ms="48696" started-at="2020-08-12T18:00:15 EDT" finished-at="2020-08-12T18:01:04 EDT">
    <groups>
    </groups>
    <test name="Default test" duration-ms="48696" started-at="2020-08-12T18:00:15 EDT" finished-at="2020-08-12T18:01:04 EDT">
      <class name="Data.UsingExcel_SingleDataSet">
        <test-method status="PASS" signature="setUp()[pri:0, instance:Data.UsingExcel_SingleDataSet@72b6cbcc]" name="setUp" is-config="true" duration-ms="23614" started-at="2020-08-12T18:00:15 EDT" finished-at="2020-08-12T18:00:39 EDT">
          <reporter-output>
          </reporter-output>
        </test-method> <!-- setUp -->
        <test-method status="PASS" signature="testUsingExcel()[pri:0, instance:Data.UsingExcel_SingleDataSet@72b6cbcc]" name="testUsingExcel" duration-ms="3958" started-at="2020-08-12T18:00:39 EDT" finished-at="2020-08-12T18:00:43 EDT">
          <reporter-output>
          </reporter-output>
        </test-method> <!-- testUsingExcel -->
        <test-method status="PASS" signature="tearDown()[pri:0, instance:Data.UsingExcel_SingleDataSet@72b6cbcc]" name="tearDown" is-config="true" duration-ms="21047" started-at="2020-08-12T18:00:43 EDT" finished-at="2020-08-12T18:01:04 EDT">
          <reporter-output>
          </reporter-output>
        </test-method> <!-- tearDown -->
      </class> <!-- Data.UsingExcel_SingleDataSet -->
    </test> <!-- Default test -->
  </suite> <!-- Default suite -->
</testng-results>
