<?xml version="1.0" encoding="UTF-8"?>
<!-- Generated by org.testng.reporters.JUnitXMLReporter -->
<testsuite hostname="TC-MacbookAir" ignored="2" name="Application Test" tests="4" failures="0" timestamp="2020-07-09T11:24:26 EDT" time="0.126" errors="0">
  <testcase name="testMethod1" time="0.021" classname="regressionsuite.TestNGTestClass1"/>
  <testcase name="testMethod2" time="0.01" classname="regressionsuite.TestNGTestClass1"/>
  <testcase name="testMethod1" time="0.003" classname="regressionsuite.TestNGTestClass2"/>
  <testcase name="testMethod2" time="0.001" classname="regressionsuite.TestNGTestClass2"/>
  <testcase name="@BeforeSuite beforeSuite" time="0.0" classname="base.BaseTestSuite">
    <ignored/>
  </testcase> <!-- @BeforeSuite beforeSuite -->
  <testcase name="@AfterSuite afterSuite" time="0.0" classname="base.BaseTestSuite">
    <ignored/>
  </testcase> <!-- @AfterSuite afterSuite -->
</testsuite> <!-- Application Test -->
