<?xml version="1.0" encoding="UTF-8"?>
<!-- Generated by org.testng.reporters.JUnitXMLReporter -->
<testsuite hostname="TC-MacbookAir" ignored="0" name="Application Test" tests="4" failures="0" timestamp="2020-07-08T11:56:46 EDT" time="0.136" errors="0">
  <testcase name="testMethod1" time="0.01" classname="testclasses.TestNGTestClass1"/>
  <testcase name="testMethod2" time="0.002" classname="testclasses.TestNGTestClass1"/>
  <testcase name="testMethod1" time="0.002" classname="testclasses.TestNGTestClass2"/>
  <testcase name="testMethod2" time="0.002" classname="testclasses.TestNGTestClass2"/>
</testsuite> <!-- Application Test -->
