<?xml version="1.0" encoding="UTF-8"?>
<!-- Generated by org.testng.reporters.JUnitXMLReporter -->
<testsuite hostname="TC-MacbookAir" ignored="2" name="Groups Test" tests="2" failures="0" timestamp="2020-07-13T13:31:30 EDT" time="0.23" errors="0">
  <testcase name="testAudiA6" time="0.01" classname="testclasses.TestNGGrouping"/>
  <testcase name="testBMWX6" time="0.006" classname="testclasses.TestNGGrouping"/>
  <testcase name="testHondaCBR" time="0.0" classname="testclasses.TestNGGrouping">
    <ignored/>
  </testcase> <!-- testHondaCBR -->
  <testcase name="testNinja" time="0.0" classname="testclasses.TestNGGrouping">
    <ignored/>
  </testcase> <!-- testNinja -->
</testsuite> <!-- Groups Test -->
