<?xml version="1.0" encoding="UTF-8"?>
<testng-results ignored="0" total="1" passed="1" failed="0" skipped="0">
  <reporter-output>
  </reporter-output>
  <suite started-at="2020-09-21T20:28:39 EDT" name="Surefire suite" finished-at="2020-09-21T20:28:40 EDT" duration-ms="92">
    <groups>
    </groups>
    <test started-at="2020-09-21T20:28:39 EDT" name="Surefire test" finished-at="2020-09-21T20:28:40 EDT" duration-ms="92">
      <class name="com.expedia.flightbooking.AppTest">
        <test-method signature="shouldAnswerWithTrue()" started-at="2020-09-21T20:28:40 EDT" name="shouldAnswerWithTrue" finished-at="2020-09-21T20:28:40 EDT" duration-ms="10" status="PASS">
          <reporter-output>
          </reporter-output>
        </test-method> <!-- shouldAnswerWithTrue -->
      </class> <!-- com.expedia.flightbooking.AppTest -->
    </test> <!-- Surefire test -->
  </suite> <!-- Surefire suite -->
</testng-results>
