<?xml version="1.0" encoding="UTF-8"?>
<!-- Generated by org.testng.reporters.JUnitXMLReporter -->
<testsuite ignored="0" hostname="DESKTOP-GK9NPT3" failures="0" tests="4" name="ExpediaSearchPage" time="0.118" errors="0" timestamp="2020-09-23T15:21:31 EDT">
  <testcase classname="com.expedia.flightbooking.TestNG_Grouping" name="AudiA6" time="0.002"/>
  <testcase classname="com.expedia.flightbooking.TestNG_Grouping" name="BMW3Series" time="0.001"/>
  <testcase classname="com.expedia.flightbooking.TestNG_Grouping" name="BMWX3" time="0.0"/>
  <testcase classname="com.expedia.flightbooking.TestNG_Grouping" name="HondaAccord" time="0.001"/>
</testsuite> <!-- ExpediaSearchPage -->
