<?xml version="1.0" encoding="UTF-8"?>
<!-- Generated by org.testng.reporters.JUnitXMLReporter -->
<testsuite hostname="TC-MacbookAir" ignored="0" name="Test 1" tests="1" failures="0" timestamp="2020-07-15T11:18:06 EDT" time="0.14" errors="0">
  <testcase name="@BeforeClass setUp" time="0.063" classname="exercises.TestNGParallelExercise">
    <failure type="java.lang.NoClassDefFoundError" message="com/google/common/collect/ImmutableMap">
      <![CDATA[java.lang.NoClassDefFoundError: com/google/common/collect/ImmutableMap
at org.openqa.selenium.firefox.FirefoxDriver.<clinit>(FirefoxDriver.java:108)
at exercises.TestNGParallelExercise.setUp(TestNGParallelExercise.java:28)
at java.util.ArrayList.forEach(ArrayList.java:1257)
Caused by: java.lang.ClassNotFoundException: com.google.common.collect.ImmutableMap
at java.net.URLClassLoader.findClass(URLClassLoader.java:382)
at java.lang.ClassLoader.loadClass(ClassLoader.java:418)
at sun.misc.Launcher$AppClassLoader.loadClass(Launcher.java:355)
at java.lang.ClassLoader.loadClass(ClassLoader.java:351)
... 28 more
... Removed 25 stack frames]]>
    </failure>
  </testcase> <!-- @BeforeClass setUp -->
  <testcase name="@AfterClass cleanUp" time="-1.594826286453E9" classname="exercises.TestNGParallelExercise">
    <skipped/>
  </testcase> <!-- @AfterClass cleanUp -->
  <testcase name="testLogin" time="0.0" classname="exercises.TestNGParallelExercise">
    <skipped/>
  </testcase> <!-- testLogin -->
</testsuite> <!-- Test 1 -->
